<?xml version="1.0" encoding="UTF-8"?>
<!-- Generated by org.testng.reporters.JUnitXMLReporter -->
<testsuite ignored="0" hostname="DESKTOP-1Q7B79B" failures="1" tests="1" name="FirefoxTest" time="60.51" errors="0" timestamp="2023-07-11T12:03:22 IST">
  <testcase classname="testCases.TC_001_LoginPage" name="test_account_login" time="10.25">
    <failure type="java.lang.AssertionError" message="Invalid login data... expected [true] but found [false]">
      <![CDATA[java.lang.AssertionError: Invalid login data... expected [true] but found [false]
at testCases.TC_001_LoginPage.test_account_login(TC_001_LoginPage.java:39)
at java.base/java.util.ArrayList.forEach(ArrayList.java:1511)
at java.base/java.util.concurrent.FutureTask.run(FutureTask.java:264)
at java.base/java.util.concurrent.ThreadPoolExecutor.runWorker(ThreadPoolExecutor.java:1136)
at java.base/java.util.concurrent.ThreadPoolExecutor$Worker.run(ThreadPoolExecutor.java:635)
at java.base/java.lang.Thread.run(Thread.java:833)
... Removed 23 stack frames]]>
    </failure>
  </testcase> <!-- test_account_login -->
</testsuite> <!-- FirefoxTest -->
