<?xml version="1.0" encoding="UTF-8"?>
<testng-results ignored="0" total="1" passed="1" failed="0" skipped="0">
  <reporter-output>
  </reporter-output>
  <suite started-at="2023-09-11T16:14:23 IST" name="FrameworkSuite" finished-at="2023-09-11T16:15:01 IST" duration-ms="37930">
    <groups>
      <group name="Regression">
        <method signature="TC_001_LoginPage.test_account_login()[pri:0, instance:testCases.TC_001_LoginPage@fd46303]" name="test_account_login" class="testCases.TC_001_LoginPage"/>
      </group> <!-- Regression -->
    </groups>
    <test started-at="2023-09-11T16:14:23 IST" name="FrameworkTest" finished-at="2023-09-11T16:15:01 IST" duration-ms="37930">
      <class name="testCases.TC_001_LoginPage">
        <test-method is-config="true" signature="launchBrowser(java.lang.String)[pri:0, instance:testCases.TC_001_LoginPage@fd46303]" started-at="2023-09-11T16:14:24 IST" name="launchBrowser" finished-at="2023-09-11T16:14:50 IST" duration-ms="26441" status="PASS">
          <params>
            <param index="0">
              <value>
                <![CDATA[firefox]]>
              </value>
            </param>
          </params>
          <reporter-output>
          </reporter-output>
        </test-method> <!-- launchBrowser -->
        <test-method signature="test_account_login()[pri:0, instance:testCases.TC_001_LoginPage@fd46303]" started-at="2023-09-11T16:14:50 IST" name="test_account_login" finished-at="2023-09-11T16:14:59 IST" duration-ms="8925" status="PASS">
          <reporter-output>
          </reporter-output>
        </test-method> <!-- test_account_login -->
        <test-method is-config="true" signature="closeBrowser()[pri:0, instance:testCases.TC_001_LoginPage@fd46303]" started-at="2023-09-11T16:14:59 IST" name="closeBrowser" finished-at="2023-09-11T16:15:01 IST" duration-ms="1398" status="PASS">
          <reporter-output>
          </reporter-output>
        </test-method> <!-- closeBrowser -->
      </class> <!-- testCases.TC_001_LoginPage -->
    </test> <!-- FrameworkTest -->
  </suite> <!-- FrameworkSuite -->
</testng-results>
